  [1m[35m (2202.0ms)[0m  [1m[35mCREATE DATABASE "DevcampPortfolio_development" ENCODING = 'unicode'[0m
  ↳ /home/mahesh/.rvm/rubies/ruby-2.6.3/lib/ruby/gems/2.6.0/gems/rake-12.3.2/lib/rake/task.rb:273
  [1m[35m (1728.6ms)[0m  [1m[35mCREATE DATABASE "DevcampPortfolio_test" ENCODING = 'unicode'[0m
  ↳ /home/mahesh/.rvm/rubies/ruby-2.6.3/lib/ruby/gems/2.6.0/gems/rake-12.3.2/lib/rake/task.rb:273
Started GET "/" for ::1 at 2019-07-15 12:30:02 +0530
Processing by Rails::WelcomeController#index as HTML
  Rendering /home/mahesh/.rvm/gems/ruby-2.6.3/gems/railties-5.2.3/lib/rails/templates/rails/welcome/index.html.erb
  Rendered /home/mahesh/.rvm/gems/ruby-2.6.3/gems/railties-5.2.3/lib/rails/templates/rails/welcome/index.html.erb (16.8ms)
Completed 200 OK in 83ms (Views: 45.5ms | ActiveRecord: 0.0ms)


  [1m[35m (122.4ms)[0m  [1m[35mCREATE TABLE "schema_migrations" ("version" character varying NOT NULL PRIMARY KEY)[0m
  ↳ /home/mahesh/.rvm/rubies/ruby-2.6.3/lib/ruby/gems/2.6.0/gems/rake-12.3.2/lib/rake/task.rb:273
  [1m[35m (87.5ms)[0m  [1m[35mCREATE TABLE "ar_internal_metadata" ("key" character varying NOT NULL PRIMARY KEY, "value" character varying, "created_at" timestamp NOT NULL, "updated_at" timestamp NOT NULL)[0m
  ↳ /home/mahesh/.rvm/rubies/ruby-2.6.3/lib/ruby/gems/2.6.0/gems/rake-12.3.2/lib/rake/task.rb:273
  [1m[35m (0.8ms)[0m  [1m[34mSELECT pg_try_advisory_lock(5396089536776303610)[0m
  ↳ /home/mahesh/.rvm/rubies/ruby-2.6.3/lib/ruby/gems/2.6.0/gems/rake-12.3.2/lib/rake/task.rb:273
  [1m[35m (0.5ms)[0m  [1m[34mSELECT "schema_migrations"."version" FROM "schema_migrations" ORDER BY "schema_migrations"."version" ASC[0m
  ↳ /home/mahesh/.rvm/rubies/ruby-2.6.3/lib/ruby/gems/2.6.0/gems/rake-12.3.2/lib/rake/task.rb:273
Migrating to CreateBlogs (20190715070801)
  [1m[35m (0.2ms)[0m  [1m[35mBEGIN[0m
  ↳ /home/mahesh/.rvm/rubies/ruby-2.6.3/lib/ruby/gems/2.6.0/gems/rake-12.3.2/lib/rake/task.rb:273
  [1m[35m (70.8ms)[0m  [1m[35mCREATE TABLE "blogs" ("id" bigserial primary key, "title" character varying, "body" text, "created_at" timestamp NOT NULL, "updated_at" timestamp NOT NULL)[0m
  ↳ db/migrate/20190715070801_create_blogs.rb:3
  [1m[36mActiveRecord::SchemaMigration Create (1.0ms)[0m  [1m[32mINSERT INTO "schema_migrations" ("version") VALUES ($1) RETURNING "version"[0m  [["version", "20190715070801"]]
  ↳ /home/mahesh/.rvm/rubies/ruby-2.6.3/lib/ruby/gems/2.6.0/gems/rake-12.3.2/lib/rake/task.rb:273
  [1m[35m (18.6ms)[0m  [1m[35mCOMMIT[0m
  ↳ /home/mahesh/.rvm/rubies/ruby-2.6.3/lib/ruby/gems/2.6.0/gems/rake-12.3.2/lib/rake/task.rb:273
  [1m[36mActiveRecord::InternalMetadata Load (1.0ms)[0m  [1m[34mSELECT  "ar_internal_metadata".* FROM "ar_internal_metadata" WHERE "ar_internal_metadata"."key" = $1 LIMIT $2[0m  [["key", "environment"], ["LIMIT", 1]]
  ↳ /home/mahesh/.rvm/rubies/ruby-2.6.3/lib/ruby/gems/2.6.0/gems/rake-12.3.2/lib/rake/task.rb:273
  [1m[35m (0.5ms)[0m  [1m[35mBEGIN[0m
  ↳ /home/mahesh/.rvm/rubies/ruby-2.6.3/lib/ruby/gems/2.6.0/gems/rake-12.3.2/lib/rake/task.rb:273
  [1m[36mActiveRecord::InternalMetadata Create (1.0ms)[0m  [1m[32mINSERT INTO "ar_internal_metadata" ("key", "value", "created_at", "updated_at") VALUES ($1, $2, $3, $4) RETURNING "key"[0m  [["key", "environment"], ["value", "development"], ["created_at", "2019-07-15 07:11:25.566515"], ["updated_at", "2019-07-15 07:11:25.566515"]]
  ↳ /home/mahesh/.rvm/rubies/ruby-2.6.3/lib/ruby/gems/2.6.0/gems/rake-12.3.2/lib/rake/task.rb:273
  [1m[35m (18.3ms)[0m  [1m[35mCOMMIT[0m
  ↳ /home/mahesh/.rvm/rubies/ruby-2.6.3/lib/ruby/gems/2.6.0/gems/rake-12.3.2/lib/rake/task.rb:273
  [1m[35m (0.7ms)[0m  [1m[34mSELECT pg_advisory_unlock(5396089536776303610)[0m
  ↳ /home/mahesh/.rvm/rubies/ruby-2.6.3/lib/ruby/gems/2.6.0/gems/rake-12.3.2/lib/rake/task.rb:273
  [1m[35m (0.8ms)[0m  [1m[34mSELECT "schema_migrations"."version" FROM "schema_migrations" ORDER BY "schema_migrations"."version" ASC[0m
  ↳ /home/mahesh/.rvm/rubies/ruby-2.6.3/lib/ruby/gems/2.6.0/gems/rake-12.3.2/lib/rake/task.rb:273
Started GET "/blogs" for ::1 at 2019-07-15 12:49:36 +0530
  [1m[35m (0.6ms)[0m  [1m[34mSELECT "schema_migrations"."version" FROM "schema_migrations" ORDER BY "schema_migrations"."version" ASC[0m
  ↳ /home/mahesh/.rvm/gems/ruby-2.6.3/gems/activerecord-5.2.3/lib/active_record/log_subscriber.rb:98
Processing by BlogsController#index as HTML
  Rendering blogs/index.html.erb within layouts/application
  [1m[36mBlog Load (0.5ms)[0m  [1m[34mSELECT "blogs".* FROM "blogs"[0m
  ↳ app/views/blogs/index.html.erb:15
  Rendered blogs/index.html.erb within layouts/application (3.1ms)
Completed 200 OK in 927ms (Views: 914.3ms | ActiveRecord: 1.5ms)


Started GET "/blogs/new" for ::1 at 2019-07-15 12:49:44 +0530
Processing by BlogsController#new as HTML
  Rendering blogs/new.html.erb within layouts/application
  Rendered blogs/_form.html.erb (129.0ms)
  Rendered blogs/new.html.erb within layouts/application (131.9ms)
Completed 200 OK in 171ms (Views: 162.3ms | ActiveRecord: 2.8ms)


Started POST "/blogs" for ::1 at 2019-07-15 12:50:04 +0530
Processing by BlogsController#create as HTML
  Parameters: {"utf8"=>"✓", "authenticity_token"=>"PqqQ/m/W2cMxb4nizaZC9O+kM4lFhJjuK+I8esbtIs/VEkAJWsuYL+0Cz7C/6JjLwLAXTmDoKJsaDA+1QV2MNQ==", "blog"=>{"title"=>"test blog", "body"=>"body"}, "commit"=>"Create Blog"}
  [1m[35m (0.4ms)[0m  [1m[35mBEGIN[0m
  ↳ app/controllers/blogs_controller.rb:30
  [1m[36mBlog Create (1.7ms)[0m  [1m[32mINSERT INTO "blogs" ("title", "body", "created_at", "updated_at") VALUES ($1, $2, $3, $4) RETURNING "id"[0m  [["title", "test blog"], ["body", "body"], ["created_at", "2019-07-15 07:20:04.152989"], ["updated_at", "2019-07-15 07:20:04.152989"]]
  ↳ app/controllers/blogs_controller.rb:30
  [1m[35m (21.7ms)[0m  [1m[35mCOMMIT[0m
  ↳ app/controllers/blogs_controller.rb:30
Redirected to http://localhost:3000/blogs/1
Completed 302 Found in 33ms (ActiveRecord: 23.8ms)


Started GET "/blogs/1" for ::1 at 2019-07-15 12:50:04 +0530
Processing by BlogsController#show as HTML
  Parameters: {"id"=>"1"}
  [1m[36mBlog Load (0.9ms)[0m  [1m[34mSELECT  "blogs".* FROM "blogs" WHERE "blogs"."id" = $1 LIMIT $2[0m  [["id", 1], ["LIMIT", 1]]
  ↳ app/controllers/blogs_controller.rb:67
  Rendering blogs/show.html.erb within layouts/application
  Rendered blogs/show.html.erb within layouts/application (1.8ms)
Completed 200 OK in 63ms (Views: 35.6ms | ActiveRecord: 1.5ms)


Started GET "/blogs" for ::1 at 2019-07-15 12:50:08 +0530
Processing by BlogsController#index as HTML
  Rendering blogs/index.html.erb within layouts/application
  [1m[36mBlog Load (0.4ms)[0m  [1m[34mSELECT "blogs".* FROM "blogs"[0m
  ↳ app/views/blogs/index.html.erb:15
  Rendered blogs/index.html.erb within layouts/application (2.2ms)
Completed 200 OK in 25ms (Views: 23.2ms | ActiveRecord: 0.4ms)


Started GET "/blogs/new" for ::1 at 2019-07-15 12:50:11 +0530
Processing by BlogsController#new as HTML
  Rendering blogs/new.html.erb within layouts/application
  Rendered blogs/_form.html.erb (2.8ms)
  Rendered blogs/new.html.erb within layouts/application (3.9ms)
Completed 200 OK in 23ms (Views: 22.2ms | ActiveRecord: 0.0ms)


Started POST "/blogs" for ::1 at 2019-07-15 12:50:23 +0530
Processing by BlogsController#create as HTML
  Parameters: {"utf8"=>"✓", "authenticity_token"=>"n3YAxV+A3XLtexTfGcm9lEptrx424NVhlIjYGwN50GR0ztAyap2cnjEWUo1rh2erZXmL2ROMZRSlZuvUhMl+ng==", "blog"=>{"title"=>"2 blog", "body"=>"2 body"}, "commit"=>"Create Blog"}
  [1m[35m (0.3ms)[0m  [1m[35mBEGIN[0m
  ↳ app/controllers/blogs_controller.rb:30
  [1m[36mBlog Create (0.4ms)[0m  [1m[32mINSERT INTO "blogs" ("title", "body", "created_at", "updated_at") VALUES ($1, $2, $3, $4) RETURNING "id"[0m  [["title", "2 blog"], ["body", "2 body"], ["created_at", "2019-07-15 07:20:23.458255"], ["updated_at", "2019-07-15 07:20:23.458255"]]
  ↳ app/controllers/blogs_controller.rb:30
  [1m[35m (117.7ms)[0m  [1m[35mCOMMIT[0m
  ↳ app/controllers/blogs_controller.rb:30
Redirected to http://localhost:3000/blogs/2
Completed 302 Found in 123ms (ActiveRecord: 118.4ms)


Started GET "/blogs/2" for ::1 at 2019-07-15 12:50:23 +0530
Processing by BlogsController#show as HTML
  Parameters: {"id"=>"2"}
  [1m[36mBlog Load (0.8ms)[0m  [1m[34mSELECT  "blogs".* FROM "blogs" WHERE "blogs"."id" = $1 LIMIT $2[0m  [["id", 2], ["LIMIT", 1]]
  ↳ app/controllers/blogs_controller.rb:67
  Rendering blogs/show.html.erb within layouts/application
  Rendered blogs/show.html.erb within layouts/application (2.4ms)
Completed 200 OK in 38ms (Views: 34.1ms | ActiveRecord: 0.8ms)


Started GET "/blogs" for ::1 at 2019-07-15 12:50:29 +0530
Processing by BlogsController#index as HTML
  Rendering blogs/index.html.erb within layouts/application
  [1m[36mBlog Load (0.4ms)[0m  [1m[34mSELECT "blogs".* FROM "blogs"[0m
  ↳ app/views/blogs/index.html.erb:15
  Rendered blogs/index.html.erb within layouts/application (2.3ms)
Completed 200 OK in 21ms (Views: 19.5ms | ActiveRecord: 0.4ms)


Started GET "/home/pages" for ::1 at 2019-07-15 15:22:32 +0530
  [1m[35m (0.5ms)[0m  [1m[34mSELECT "schema_migrations"."version" FROM "schema_migrations" ORDER BY "schema_migrations"."version" ASC[0m
  ↳ /home/mahesh/.rvm/gems/ruby-2.6.3/gems/activerecord-5.2.3/lib/active_record/log_subscriber.rb:98
  
ActionController::RoutingError (No route matches [GET] "/home/pages"):
  
actionpack (5.2.3) lib/action_dispatch/middleware/debug_exceptions.rb:65:in `call'
web-console (3.7.0) lib/web_console/middleware.rb:135:in `call_app'
web-console (3.7.0) lib/web_console/middleware.rb:30:in `block in call'
web-console (3.7.0) lib/web_console/middleware.rb:20:in `catch'
web-console (3.7.0) lib/web_console/middleware.rb:20:in `call'
actionpack (5.2.3) lib/action_dispatch/middleware/show_exceptions.rb:33:in `call'
railties (5.2.3) lib/rails/rack/logger.rb:38:in `call_app'
railties (5.2.3) lib/rails/rack/logger.rb:26:in `block in call'
activesupport (5.2.3) lib/active_support/tagged_logging.rb:71:in `block in tagged'
activesupport (5.2.3) lib/active_support/tagged_logging.rb:28:in `tagged'
activesupport (5.2.3) lib/active_support/tagged_logging.rb:71:in `tagged'
railties (5.2.3) lib/rails/rack/logger.rb:26:in `call'
sprockets-rails (3.2.1) lib/sprockets/rails/quiet_assets.rb:13:in `call'
actionpack (5.2.3) lib/action_dispatch/middleware/remote_ip.rb:81:in `call'
actionpack (5.2.3) lib/action_dispatch/middleware/request_id.rb:27:in `call'
rack (2.0.7) lib/rack/method_override.rb:22:in `call'
rack (2.0.7) lib/rack/runtime.rb:22:in `call'
activesupport (5.2.3) lib/active_support/cache/strategy/local_cache_middleware.rb:29:in `call'
actionpack (5.2.3) lib/action_dispatch/middleware/executor.rb:14:in `call'
actionpack (5.2.3) lib/action_dispatch/middleware/static.rb:127:in `call'
rack (2.0.7) lib/rack/sendfile.rb:111:in `call'
railties (5.2.3) lib/rails/engine.rb:524:in `call'
puma (3.12.1) lib/puma/configuration.rb:227:in `call'
puma (3.12.1) lib/puma/server.rb:660:in `handle_request'
puma (3.12.1) lib/puma/server.rb:474:in `process_client'
puma (3.12.1) lib/puma/server.rb:334:in `block in run'
puma (3.12.1) lib/puma/thread_pool.rb:135:in `block in spawn_thread'
Started GET "/pages/home" for ::1 at 2019-07-15 15:23:18 +0530
Processing by PagesController#home as HTML
  Rendering pages/home.html.erb within layouts/application
  [1m[36mBlog Load (0.3ms)[0m  [1m[34mSELECT  "blogs".* FROM "blogs" LIMIT $1[0m  [["LIMIT", 11]]
  ↳ app/views/pages/home.html.erb:4
  Rendered pages/home.html.erb within layouts/application (10.8ms)
Completed 200 OK in 261ms (Views: 254.3ms | ActiveRecord: 3.6ms)


  [1m[35m (0.3ms)[0m  [1m[34mSELECT pg_try_advisory_lock(5396089536776303610)[0m
  ↳ /home/mahesh/.rvm/rubies/ruby-2.6.3/lib/ruby/gems/2.6.0/gems/rake-12.3.2/lib/rake/task.rb:273
  [1m[35m (0.4ms)[0m  [1m[34mSELECT "schema_migrations"."version" FROM "schema_migrations" ORDER BY "schema_migrations"."version" ASC[0m
  ↳ /home/mahesh/.rvm/rubies/ruby-2.6.3/lib/ruby/gems/2.6.0/gems/rake-12.3.2/lib/rake/task.rb:273
Migrating to CreateSkills (20190715100651)
  [1m[35m (0.2ms)[0m  [1m[35mBEGIN[0m
  ↳ /home/mahesh/.rvm/rubies/ruby-2.6.3/lib/ruby/gems/2.6.0/gems/rake-12.3.2/lib/rake/task.rb:273
  [1m[35m (73.5ms)[0m  [1m[35mCREATE TABLE "skills" ("id" bigserial primary key, "title" character varying, "percent_utilized" integer, "created_at" timestamp NOT NULL, "updated_at" timestamp NOT NULL)[0m
  ↳ db/migrate/20190715100651_create_skills.rb:3
  [1m[36mActiveRecord::SchemaMigration Create (0.2ms)[0m  [1m[32mINSERT INTO "schema_migrations" ("version") VALUES ($1) RETURNING "version"[0m  [["version", "20190715100651"]]
  ↳ /home/mahesh/.rvm/rubies/ruby-2.6.3/lib/ruby/gems/2.6.0/gems/rake-12.3.2/lib/rake/task.rb:273
  [1m[35m (13.5ms)[0m  [1m[35mCOMMIT[0m
  ↳ /home/mahesh/.rvm/rubies/ruby-2.6.3/lib/ruby/gems/2.6.0/gems/rake-12.3.2/lib/rake/task.rb:273
  [1m[36mActiveRecord::InternalMetadata Load (0.3ms)[0m  [1m[34mSELECT  "ar_internal_metadata".* FROM "ar_internal_metadata" WHERE "ar_internal_metadata"."key" = $1 LIMIT $2[0m  [["key", "environment"], ["LIMIT", 1]]
  ↳ /home/mahesh/.rvm/rubies/ruby-2.6.3/lib/ruby/gems/2.6.0/gems/rake-12.3.2/lib/rake/task.rb:273
  [1m[35m (0.1ms)[0m  [1m[35mBEGIN[0m
  ↳ /home/mahesh/.rvm/rubies/ruby-2.6.3/lib/ruby/gems/2.6.0/gems/rake-12.3.2/lib/rake/task.rb:273
  [1m[35m (0.2ms)[0m  [1m[35mCOMMIT[0m
  ↳ /home/mahesh/.rvm/rubies/ruby-2.6.3/lib/ruby/gems/2.6.0/gems/rake-12.3.2/lib/rake/task.rb:273
  [1m[35m (0.2ms)[0m  [1m[34mSELECT pg_advisory_unlock(5396089536776303610)[0m
  ↳ /home/mahesh/.rvm/rubies/ruby-2.6.3/lib/ruby/gems/2.6.0/gems/rake-12.3.2/lib/rake/task.rb:273
  [1m[35m (0.3ms)[0m  [1m[34mSELECT "schema_migrations"."version" FROM "schema_migrations" ORDER BY "schema_migrations"."version" ASC[0m
  ↳ /home/mahesh/.rvm/rubies/ruby-2.6.3/lib/ruby/gems/2.6.0/gems/rake-12.3.2/lib/rake/task.rb:273
  [1m[35m (0.2ms)[0m  [1m[35mBEGIN[0m
  [1m[36mSkill Create (0.7ms)[0m  [1m[32mINSERT INTO "skills" ("title", "percent_utilized", "created_at", "updated_at") VALUES ($1, $2, $3, $4) RETURNING "id"[0m  [["title", "rails"], ["percent_utilized", 40], ["created_at", "2019-07-15 10:17:10.088475"], ["updated_at", "2019-07-15 10:17:10.088475"]]
  [1m[35m (109.1ms)[0m  [1m[35mCOMMIT[0m
  [1m[35m (0.6ms)[0m  [1m[35mBEGIN[0m
  [1m[36mSkill Create (1.0ms)[0m  [1m[32mINSERT INTO "skills" ("title", "percent_utilized", "created_at", "updated_at") VALUES ($1, $2, $3, $4) RETURNING "id"[0m  [["title", "angular"], ["percent_utilized", 40], ["created_at", "2019-07-15 10:17:29.814468"], ["updated_at", "2019-07-15 10:17:29.814468"]]
  [1m[35m (23.2ms)[0m  [1m[35mCOMMIT[0m
  [1m[36mSkill Load (0.9ms)[0m  [1m[34mSELECT  "skills".* FROM "skills" LIMIT $1[0m  [["LIMIT", 11]]
Started GET "/pages/home" for ::1 at 2019-07-15 15:52:17 +0530
  [1m[35m (0.5ms)[0m  [1m[34mSELECT "schema_migrations"."version" FROM "schema_migrations" ORDER BY "schema_migrations"."version" ASC[0m
  ↳ /home/mahesh/.rvm/gems/ruby-2.6.3/gems/activerecord-5.2.3/lib/active_record/log_subscriber.rb:98
Processing by PagesController#home as HTML
  Rendering pages/home.html.erb within layouts/application
  [1m[36mBlog Load (0.2ms)[0m  [1m[34mSELECT  "blogs".* FROM "blogs" LIMIT $1[0m  [["LIMIT", 11]]
  ↳ app/views/pages/home.html.erb:4
  [1m[36mSkill Load (0.2ms)[0m  [1m[34mSELECT  "skills".* FROM "skills" LIMIT $1[0m  [["LIMIT", 11]]
  ↳ app/views/pages/home.html.erb:6
  Rendered pages/home.html.erb within layouts/application (16.6ms)
Completed 200 OK in 231ms (Views: 217.1ms | ActiveRecord: 5.8ms)


  [1m[35m (0.2ms)[0m  [1m[34mSELECT pg_try_advisory_lock(5396089536776303610)[0m
  ↳ /home/mahesh/.rvm/rubies/ruby-2.6.3/lib/ruby/gems/2.6.0/gems/rake-12.3.2/lib/rake/task.rb:273
  [1m[35m (0.7ms)[0m  [1m[34mSELECT "schema_migrations"."version" FROM "schema_migrations" ORDER BY "schema_migrations"."version" ASC[0m
  ↳ /home/mahesh/.rvm/rubies/ruby-2.6.3/lib/ruby/gems/2.6.0/gems/rake-12.3.2/lib/rake/task.rb:273
Migrating to CreatePortfolios (20190715102938)
  [1m[35m (0.2ms)[0m  [1m[35mBEGIN[0m
  ↳ /home/mahesh/.rvm/rubies/ruby-2.6.3/lib/ruby/gems/2.6.0/gems/rake-12.3.2/lib/rake/task.rb:273
  [1m[35m (98.5ms)[0m  [1m[35mCREATE TABLE "portfolios" ("id" bigserial primary key, "title" character varying, "subtitle" character varying, "body" text, "main_image" text, "thumb_image" text, "created_at" timestamp NOT NULL, "updated_at" timestamp NOT NULL)[0m
  ↳ db/migrate/20190715102938_create_portfolios.rb:3
  [1m[36mActiveRecord::SchemaMigration Create (0.3ms)[0m  [1m[32mINSERT INTO "schema_migrations" ("version") VALUES ($1) RETURNING "version"[0m  [["version", "20190715102938"]]
  ↳ /home/mahesh/.rvm/rubies/ruby-2.6.3/lib/ruby/gems/2.6.0/gems/rake-12.3.2/lib/rake/task.rb:273
  [1m[35m (14.5ms)[0m  [1m[35mCOMMIT[0m
  ↳ /home/mahesh/.rvm/rubies/ruby-2.6.3/lib/ruby/gems/2.6.0/gems/rake-12.3.2/lib/rake/task.rb:273
  [1m[36mActiveRecord::InternalMetadata Load (0.3ms)[0m  [1m[34mSELECT  "ar_internal_metadata".* FROM "ar_internal_metadata" WHERE "ar_internal_metadata"."key" = $1 LIMIT $2[0m  [["key", "environment"], ["LIMIT", 1]]
  ↳ /home/mahesh/.rvm/rubies/ruby-2.6.3/lib/ruby/gems/2.6.0/gems/rake-12.3.2/lib/rake/task.rb:273
  [1m[35m (0.2ms)[0m  [1m[35mBEGIN[0m
  ↳ /home/mahesh/.rvm/rubies/ruby-2.6.3/lib/ruby/gems/2.6.0/gems/rake-12.3.2/lib/rake/task.rb:273
  [1m[35m (0.2ms)[0m  [1m[35mCOMMIT[0m
  ↳ /home/mahesh/.rvm/rubies/ruby-2.6.3/lib/ruby/gems/2.6.0/gems/rake-12.3.2/lib/rake/task.rb:273
  [1m[35m (0.3ms)[0m  [1m[34mSELECT pg_advisory_unlock(5396089536776303610)[0m
  ↳ /home/mahesh/.rvm/rubies/ruby-2.6.3/lib/ruby/gems/2.6.0/gems/rake-12.3.2/lib/rake/task.rb:273
  [1m[35m (0.2ms)[0m  [1m[34mSELECT "schema_migrations"."version" FROM "schema_migrations" ORDER BY "schema_migrations"."version" ASC[0m
  ↳ /home/mahesh/.rvm/rubies/ruby-2.6.3/lib/ruby/gems/2.6.0/gems/rake-12.3.2/lib/rake/task.rb:273
  [1m[35m (0.4ms)[0m  [1m[35mCREATE DATABASE "DevcampPortfolio_development" ENCODING = 'unicode'[0m
  ↳ /home/mahesh/.rvm/rubies/ruby-2.6.3/lib/ruby/gems/2.6.0/gems/rake-12.3.2/lib/rake/task.rb:273
  [1m[35m (0.3ms)[0m  [1m[35mCREATE DATABASE "DevcampPortfolio_test" ENCODING = 'unicode'[0m
  ↳ /home/mahesh/.rvm/rubies/ruby-2.6.3/lib/ruby/gems/2.6.0/gems/rake-12.3.2/lib/rake/task.rb:273
  [1m[35m (0.5ms)[0m  [1m[34mSELECT "schema_migrations"."version" FROM "schema_migrations" ORDER BY "schema_migrations"."version" ASC[0m
  ↳ /home/mahesh/.rvm/rubies/ruby-2.6.3/lib/ruby/gems/2.6.0/gems/rake-12.3.2/lib/rake/task.rb:273
  [1m[35m (0.3ms)[0m  [1m[34mSELECT "ar_internal_metadata"."value" FROM "ar_internal_metadata" WHERE "ar_internal_metadata"."key" = $1[0m  [["key", "environment"]]
  ↳ /home/mahesh/.rvm/rubies/ruby-2.6.3/lib/ruby/gems/2.6.0/gems/rake-12.3.2/lib/rake/task.rb:273
  [1m[35m (0.2ms)[0m  [1m[34mSELECT "schema_migrations"."version" FROM "schema_migrations" ORDER BY "schema_migrations"."version" ASC[0m
  ↳ /home/mahesh/.rvm/rubies/ruby-2.6.3/lib/ruby/gems/2.6.0/gems/rake-12.3.2/lib/rake/task.rb:273
  [1m[35m (0.2ms)[0m  [1m[34mSELECT "ar_internal_metadata"."value" FROM "ar_internal_metadata" WHERE "ar_internal_metadata"."key" = $1[0m  [["key", "environment"]]
  ↳ /home/mahesh/.rvm/rubies/ruby-2.6.3/lib/ruby/gems/2.6.0/gems/rake-12.3.2/lib/rake/task.rb:273
  [1m[35m (0.2ms)[0m  [1m[34mSELECT "schema_migrations"."version" FROM "schema_migrations" ORDER BY "schema_migrations"."version" ASC[0m
  ↳ /home/mahesh/.rvm/rubies/ruby-2.6.3/lib/ruby/gems/2.6.0/gems/rake-12.3.2/lib/rake/task.rb:273
  [1m[35m (0.2ms)[0m  [1m[34mSELECT "ar_internal_metadata"."value" FROM "ar_internal_metadata" WHERE "ar_internal_metadata"."key" = $1[0m  [["key", "environment"]]
  ↳ /home/mahesh/.rvm/rubies/ruby-2.6.3/lib/ruby/gems/2.6.0/gems/rake-12.3.2/lib/rake/task.rb:273
  [1m[35mSQL (0.9ms)[0m  [1m[35mCREATE EXTENSION IF NOT EXISTS "plpgsql"[0m
  ↳ db/schema.rb:16
  [1m[35m (70.6ms)[0m  [1m[35mDROP TABLE IF EXISTS "blogs" CASCADE[0m
  ↳ db/schema.rb:18
  [1m[35m (85.1ms)[0m  [1m[35mCREATE TABLE "blogs" ("id" bigserial primary key, "title" character varying, "body" text, "created_at" timestamp NOT NULL, "updated_at" timestamp NOT NULL)[0m
  ↳ db/schema.rb:18
  [1m[35m (16.0ms)[0m  [1m[35mDROP TABLE IF EXISTS "portfolios" CASCADE[0m
  ↳ db/schema.rb:25
  [1m[35m (83.0ms)[0m  [1m[35mCREATE TABLE "portfolios" ("id" bigserial primary key, "title" character varying, "subtitle" character varying, "body" text, "main_image" text, "thumb_image" text, "created_at" timestamp NOT NULL, "updated_at" timestamp NOT NULL)[0m
  ↳ db/schema.rb:25
  [1m[35m (17.3ms)[0m  [1m[35mDROP TABLE IF EXISTS "skills" CASCADE[0m
  ↳ db/schema.rb:35
  [1m[35m (84.5ms)[0m  [1m[35mCREATE TABLE "skills" ("id" bigserial primary key, "title" character varying, "percent_utilized" integer, "created_at" timestamp NOT NULL, "updated_at" timestamp NOT NULL)[0m
  ↳ db/schema.rb:35
  [1m[35m (1.5ms)[0m  [1m[34mSELECT "schema_migrations"."version" FROM "schema_migrations" ORDER BY "schema_migrations"."version" ASC[0m
  ↳ db/schema.rb:13
  [1m[36mActiveRecord::InternalMetadata Load (0.9ms)[0m  [1m[34mSELECT  "ar_internal_metadata".* FROM "ar_internal_metadata" WHERE "ar_internal_metadata"."key" = $1 LIMIT $2[0m  [["key", "environment"], ["LIMIT", 1]]
  ↳ db/schema.rb:13
  [1m[35m (0.4ms)[0m  [1m[35mBEGIN[0m
  ↳ db/schema.rb:13
  [1m[35m (0.5ms)[0m  [1m[35mCOMMIT[0m
  ↳ db/schema.rb:13
  [1m[36mActiveRecord::InternalMetadata Load (0.8ms)[0m  [1m[34mSELECT  "ar_internal_metadata".* FROM "ar_internal_metadata" WHERE "ar_internal_metadata"."key" = $1 LIMIT $2[0m  [["key", "environment"], ["LIMIT", 1]]
  ↳ /home/mahesh/.rvm/rubies/ruby-2.6.3/lib/ruby/gems/2.6.0/gems/rake-12.3.2/lib/rake/task.rb:273
  [1m[35m (0.4ms)[0m  [1m[35mBEGIN[0m
  ↳ /home/mahesh/.rvm/rubies/ruby-2.6.3/lib/ruby/gems/2.6.0/gems/rake-12.3.2/lib/rake/task.rb:273
  [1m[35m (0.6ms)[0m  [1m[35mCOMMIT[0m
  ↳ /home/mahesh/.rvm/rubies/ruby-2.6.3/lib/ruby/gems/2.6.0/gems/rake-12.3.2/lib/rake/task.rb:273
  [1m[35mSQL (1.5ms)[0m  [1m[35mCREATE EXTENSION IF NOT EXISTS "plpgsql"[0m
  ↳ db/schema.rb:16
  [1m[35m (0.7ms)[0m  [1m[35mDROP TABLE IF EXISTS "blogs" CASCADE[0m
  ↳ db/schema.rb:18
  [1m[35m (934.0ms)[0m  [1m[35mCREATE TABLE "blogs" ("id" bigserial primary key, "title" character varying, "body" text, "created_at" timestamp NOT NULL, "updated_at" timestamp NOT NULL)[0m
  ↳ db/schema.rb:18
  [1m[35m (0.7ms)[0m  [1m[35mDROP TABLE IF EXISTS "portfolios" CASCADE[0m
  ↳ db/schema.rb:25
  [1m[35m (93.9ms)[0m  [1m[35mCREATE TABLE "portfolios" ("id" bigserial primary key, "title" character varying, "subtitle" character varying, "body" text, "main_image" text, "thumb_image" text, "created_at" timestamp NOT NULL, "updated_at" timestamp NOT NULL)[0m
  ↳ db/schema.rb:25
  [1m[35m (0.7ms)[0m  [1m[35mDROP TABLE IF EXISTS "skills" CASCADE[0m
  ↳ db/schema.rb:35
  [1m[35m (134.9ms)[0m  [1m[35mCREATE TABLE "skills" ("id" bigserial primary key, "title" character varying, "percent_utilized" integer, "created_at" timestamp NOT NULL, "updated_at" timestamp NOT NULL)[0m
  ↳ db/schema.rb:35
  [1m[35m (105.8ms)[0m  [1m[35mCREATE TABLE "schema_migrations" ("version" character varying NOT NULL PRIMARY KEY)[0m
  ↳ db/schema.rb:13
  [1m[35m (1.4ms)[0m  [1m[34mSELECT "schema_migrations"."version" FROM "schema_migrations" ORDER BY "schema_migrations"."version" ASC[0m
  ↳ db/schema.rb:13
  [1m[35m (13.8ms)[0m  [1m[32mINSERT INTO "schema_migrations" (version) VALUES (20190715102938)[0m
  ↳ db/schema.rb:13
  [1m[35m (15.9ms)[0m  [1m[32mINSERT INTO "schema_migrations" (version) VALUES
(20190715100651),
(20190715070801);

[0m
  ↳ db/schema.rb:13
  [1m[35m (107.4ms)[0m  [1m[35mCREATE TABLE "ar_internal_metadata" ("key" character varying NOT NULL PRIMARY KEY, "value" character varying, "created_at" timestamp NOT NULL, "updated_at" timestamp NOT NULL)[0m
  ↳ db/schema.rb:13
  [1m[36mActiveRecord::InternalMetadata Load (1.0ms)[0m  [1m[34mSELECT  "ar_internal_metadata".* FROM "ar_internal_metadata" WHERE "ar_internal_metadata"."key" = $1 LIMIT $2[0m  [["key", "environment"], ["LIMIT", 1]]
  ↳ db/schema.rb:13
  [1m[35m (0.4ms)[0m  [1m[35mBEGIN[0m
  ↳ db/schema.rb:13
  [1m[36mActiveRecord::InternalMetadata Create (1.0ms)[0m  [1m[32mINSERT INTO "ar_internal_metadata" ("key", "value", "created_at", "updated_at") VALUES ($1, $2, $3, $4) RETURNING "key"[0m  [["key", "environment"], ["value", "development"], ["created_at", "2019-07-15 11:55:31.518492"], ["updated_at", "2019-07-15 11:55:31.518492"]]
  ↳ db/schema.rb:13
  [1m[35m (18.5ms)[0m  [1m[35mCOMMIT[0m
  ↳ db/schema.rb:13
  [1m[36mActiveRecord::InternalMetadata Load (0.7ms)[0m  [1m[34mSELECT  "ar_internal_metadata".* FROM "ar_internal_metadata" WHERE "ar_internal_metadata"."key" = $1 LIMIT $2[0m  [["key", "environment"], ["LIMIT", 1]]
  ↳ /home/mahesh/.rvm/rubies/ruby-2.6.3/lib/ruby/gems/2.6.0/gems/rake-12.3.2/lib/rake/task.rb:273
  [1m[35m (0.4ms)[0m  [1m[35mBEGIN[0m
  ↳ /home/mahesh/.rvm/rubies/ruby-2.6.3/lib/ruby/gems/2.6.0/gems/rake-12.3.2/lib/rake/task.rb:273
  [1m[36mActiveRecord::InternalMetadata Update (0.8ms)[0m  [1m[33mUPDATE "ar_internal_metadata" SET "value" = $1, "updated_at" = $2 WHERE "ar_internal_metadata"."key" = $3[0m  [["value", "test"], ["updated_at", "2019-07-15 11:55:31.545792"], ["key", "environment"]]
  ↳ /home/mahesh/.rvm/rubies/ruby-2.6.3/lib/ruby/gems/2.6.0/gems/rake-12.3.2/lib/rake/task.rb:273
  [1m[35m (18.8ms)[0m  [1m[35mCOMMIT[0m
  ↳ /home/mahesh/.rvm/rubies/ruby-2.6.3/lib/ruby/gems/2.6.0/gems/rake-12.3.2/lib/rake/task.rb:273
  [1m[35m (1.5ms)[0m  [1m[34mSELECT "schema_migrations"."version" FROM "schema_migrations" ORDER BY "schema_migrations"."version" ASC[0m
  ↳ /home/mahesh/.rvm/rubies/ruby-2.6.3/lib/ruby/gems/2.6.0/gems/rake-12.3.2/lib/rake/task.rb:273
  [1m[35m (0.6ms)[0m  [1m[35mCREATE DATABASE "DevcampPortfolio_development" ENCODING = 'unicode'[0m
  ↳ /home/mahesh/.rvm/rubies/ruby-2.6.3/lib/ruby/gems/2.6.0/gems/rake-12.3.2/lib/rake/task.rb:273
  [1m[35m (0.4ms)[0m  [1m[35mCREATE DATABASE "DevcampPortfolio_test" ENCODING = 'unicode'[0m
  ↳ /home/mahesh/.rvm/rubies/ruby-2.6.3/lib/ruby/gems/2.6.0/gems/rake-12.3.2/lib/rake/task.rb:273
  [1m[35m (0.8ms)[0m  [1m[34mSELECT "schema_migrations"."version" FROM "schema_migrations" ORDER BY "schema_migrations"."version" ASC[0m
  ↳ /home/mahesh/.rvm/rubies/ruby-2.6.3/lib/ruby/gems/2.6.0/gems/rake-12.3.2/lib/rake/task.rb:273
  [1m[35m (0.3ms)[0m  [1m[34mSELECT "ar_internal_metadata"."value" FROM "ar_internal_metadata" WHERE "ar_internal_metadata"."key" = $1[0m  [["key", "environment"]]
  ↳ /home/mahesh/.rvm/rubies/ruby-2.6.3/lib/ruby/gems/2.6.0/gems/rake-12.3.2/lib/rake/task.rb:273
  [1m[35m (0.3ms)[0m  [1m[34mSELECT "schema_migrations"."version" FROM "schema_migrations" ORDER BY "schema_migrations"."version" ASC[0m
  ↳ /home/mahesh/.rvm/rubies/ruby-2.6.3/lib/ruby/gems/2.6.0/gems/rake-12.3.2/lib/rake/task.rb:273
  [1m[35m (0.2ms)[0m  [1m[34mSELECT "ar_internal_metadata"."value" FROM "ar_internal_metadata" WHERE "ar_internal_metadata"."key" = $1[0m  [["key", "environment"]]
  ↳ /home/mahesh/.rvm/rubies/ruby-2.6.3/lib/ruby/gems/2.6.0/gems/rake-12.3.2/lib/rake/task.rb:273
  [1m[35m (0.2ms)[0m  [1m[34mSELECT "schema_migrations"."version" FROM "schema_migrations" ORDER BY "schema_migrations"."version" ASC[0m
  ↳ /home/mahesh/.rvm/rubies/ruby-2.6.3/lib/ruby/gems/2.6.0/gems/rake-12.3.2/lib/rake/task.rb:273
  [1m[35m (0.2ms)[0m  [1m[34mSELECT "ar_internal_metadata"."value" FROM "ar_internal_metadata" WHERE "ar_internal_metadata"."key" = $1[0m  [["key", "environment"]]
  ↳ /home/mahesh/.rvm/rubies/ruby-2.6.3/lib/ruby/gems/2.6.0/gems/rake-12.3.2/lib/rake/task.rb:273
  [1m[35mSQL (0.2ms)[0m  [1m[35mCREATE EXTENSION IF NOT EXISTS "plpgsql"[0m
  ↳ db/schema.rb:16
  [1m[35m (49.9ms)[0m  [1m[35mDROP TABLE IF EXISTS "blogs" CASCADE[0m
  ↳ db/schema.rb:18
  [1m[35m (90.0ms)[0m  [1m[35mCREATE TABLE "blogs" ("id" bigserial primary key, "title" character varying, "body" text, "created_at" timestamp NOT NULL, "updated_at" timestamp NOT NULL)[0m
  ↳ db/schema.rb:18
  [1m[35m (16.4ms)[0m  [1m[35mDROP TABLE IF EXISTS "portfolios" CASCADE[0m
  ↳ db/schema.rb:25
  [1m[35m (84.1ms)[0m  [1m[35mCREATE TABLE "portfolios" ("id" bigserial primary key, "title" character varying, "subtitle" character varying, "body" text, "main_image" text, "thumb_image" text, "created_at" timestamp NOT NULL, "updated_at" timestamp NOT NULL)[0m
  ↳ db/schema.rb:25
  [1m[35m (16.6ms)[0m  [1m[35mDROP TABLE IF EXISTS "skills" CASCADE[0m
  ↳ db/schema.rb:35
  [1m[35m (84.4ms)[0m  [1m[35mCREATE TABLE "skills" ("id" bigserial primary key, "title" character varying, "percent_utilized" integer, "created_at" timestamp NOT NULL, "updated_at" timestamp NOT NULL)[0m
  ↳ db/schema.rb:35
  [1m[35m (0.5ms)[0m  [1m[34mSELECT "schema_migrations"."version" FROM "schema_migrations" ORDER BY "schema_migrations"."version" ASC[0m
  ↳ db/schema.rb:13
  [1m[36mActiveRecord::InternalMetadata Load (0.3ms)[0m  [1m[34mSELECT  "ar_internal_metadata".* FROM "ar_internal_metadata" WHERE "ar_internal_metadata"."key" = $1 LIMIT $2[0m  [["key", "environment"], ["LIMIT", 1]]
  ↳ db/schema.rb:13
  [1m[35m (0.1ms)[0m  [1m[35mBEGIN[0m
  ↳ db/schema.rb:13
  [1m[35m (0.1ms)[0m  [1m[35mCOMMIT[0m
  ↳ db/schema.rb:13
  [1m[36mActiveRecord::InternalMetadata Load (0.5ms)[0m  [1m[34mSELECT  "ar_internal_metadata".* FROM "ar_internal_metadata" WHERE "ar_internal_metadata"."key" = $1 LIMIT $2[0m  [["key", "environment"], ["LIMIT", 1]]
  ↳ /home/mahesh/.rvm/rubies/ruby-2.6.3/lib/ruby/gems/2.6.0/gems/rake-12.3.2/lib/rake/task.rb:273
  [1m[35m (0.6ms)[0m  [1m[35mBEGIN[0m
  ↳ /home/mahesh/.rvm/rubies/ruby-2.6.3/lib/ruby/gems/2.6.0/gems/rake-12.3.2/lib/rake/task.rb:273
  [1m[35m (0.2ms)[0m  [1m[35mCOMMIT[0m
  ↳ /home/mahesh/.rvm/rubies/ruby-2.6.3/lib/ruby/gems/2.6.0/gems/rake-12.3.2/lib/rake/task.rb:273
  [1m[35mSQL (0.2ms)[0m  [1m[35mCREATE EXTENSION IF NOT EXISTS "plpgsql"[0m
  ↳ db/schema.rb:16
  [1m[35m (256.3ms)[0m  [1m[35mDROP TABLE IF EXISTS "blogs" CASCADE[0m
  ↳ db/schema.rb:18
  [1m[35m (917.3ms)[0m  [1m[35mCREATE TABLE "blogs" ("id" bigserial primary key, "title" character varying, "body" text, "created_at" timestamp NOT NULL, "updated_at" timestamp NOT NULL)[0m
  ↳ db/schema.rb:18
  [1m[35m (15.6ms)[0m  [1m[35mDROP TABLE IF EXISTS "portfolios" CASCADE[0m
  ↳ db/schema.rb:25
  [1m[35m (84.0ms)[0m  [1m[35mCREATE TABLE "portfolios" ("id" bigserial primary key, "title" character varying, "subtitle" character varying, "body" text, "main_image" text, "thumb_image" text, "created_at" timestamp NOT NULL, "updated_at" timestamp NOT NULL)[0m
  ↳ db/schema.rb:25
  [1m[35m (17.5ms)[0m  [1m[35mDROP TABLE IF EXISTS "skills" CASCADE[0m
  ↳ db/schema.rb:35
  [1m[35m (100.3ms)[0m  [1m[35mCREATE TABLE "skills" ("id" bigserial primary key, "title" character varying, "percent_utilized" integer, "created_at" timestamp NOT NULL, "updated_at" timestamp NOT NULL)[0m
  ↳ db/schema.rb:35
  [1m[35m (1.7ms)[0m  [1m[34mSELECT "schema_migrations"."version" FROM "schema_migrations" ORDER BY "schema_migrations"."version" ASC[0m
  ↳ db/schema.rb:13
  [1m[36mActiveRecord::InternalMetadata Load (1.1ms)[0m  [1m[34mSELECT  "ar_internal_metadata".* FROM "ar_internal_metadata" WHERE "ar_internal_metadata"."key" = $1 LIMIT $2[0m  [["key", "environment"], ["LIMIT", 1]]
  ↳ db/schema.rb:13
  [1m[35m (0.4ms)[0m  [1m[35mBEGIN[0m
  ↳ db/schema.rb:13
  [1m[36mActiveRecord::InternalMetadata Update (1.0ms)[0m  [1m[33mUPDATE "ar_internal_metadata" SET "value" = $1, "updated_at" = $2 WHERE "ar_internal_metadata"."key" = $3[0m  [["value", "development"], ["updated_at", "2019-07-15 11:57:32.249484"], ["key", "environment"]]
  ↳ db/schema.rb:13
  [1m[35m (19.9ms)[0m  [1m[35mCOMMIT[0m
  ↳ db/schema.rb:13
  [1m[36mActiveRecord::InternalMetadata Load (1.0ms)[0m  [1m[34mSELECT  "ar_internal_metadata".* FROM "ar_internal_metadata" WHERE "ar_internal_metadata"."key" = $1 LIMIT $2[0m  [["key", "environment"], ["LIMIT", 1]]
  ↳ /home/mahesh/.rvm/rubies/ruby-2.6.3/lib/ruby/gems/2.6.0/gems/rake-12.3.2/lib/rake/task.rb:273
  [1m[35m (0.5ms)[0m  [1m[35mBEGIN[0m
  ↳ /home/mahesh/.rvm/rubies/ruby-2.6.3/lib/ruby/gems/2.6.0/gems/rake-12.3.2/lib/rake/task.rb:273
  [1m[36mActiveRecord::InternalMetadata Update (1.1ms)[0m  [1m[33mUPDATE "ar_internal_metadata" SET "value" = $1, "updated_at" = $2 WHERE "ar_internal_metadata"."key" = $3[0m  [["value", "test"], ["updated_at", "2019-07-15 11:57:32.280243"], ["key", "environment"]]
  ↳ /home/mahesh/.rvm/rubies/ruby-2.6.3/lib/ruby/gems/2.6.0/gems/rake-12.3.2/lib/rake/task.rb:273
  [1m[35m (17.7ms)[0m  [1m[35mCOMMIT[0m
  ↳ /home/mahesh/.rvm/rubies/ruby-2.6.3/lib/ruby/gems/2.6.0/gems/rake-12.3.2/lib/rake/task.rb:273
  [1m[35m (1.5ms)[0m  [1m[34mSELECT "schema_migrations"."version" FROM "schema_migrations" ORDER BY "schema_migrations"."version" ASC[0m
  ↳ /home/mahesh/.rvm/rubies/ruby-2.6.3/lib/ruby/gems/2.6.0/gems/rake-12.3.2/lib/rake/task.rb:273
  [1m[35m (0.4ms)[0m  [1m[35mCREATE DATABASE "DevcampPortfolio_development" ENCODING = 'unicode'[0m
  ↳ /home/mahesh/.rvm/rubies/ruby-2.6.3/lib/ruby/gems/2.6.0/gems/rake-12.3.2/lib/rake/task.rb:273
  [1m[35m (0.3ms)[0m  [1m[35mCREATE DATABASE "DevcampPortfolio_test" ENCODING = 'unicode'[0m
  ↳ /home/mahesh/.rvm/rubies/ruby-2.6.3/lib/ruby/gems/2.6.0/gems/rake-12.3.2/lib/rake/task.rb:273
  [1m[35m (0.4ms)[0m  [1m[34mSELECT "schema_migrations"."version" FROM "schema_migrations" ORDER BY "schema_migrations"."version" ASC[0m
  ↳ /home/mahesh/.rvm/rubies/ruby-2.6.3/lib/ruby/gems/2.6.0/gems/rake-12.3.2/lib/rake/task.rb:273
  [1m[35m (0.3ms)[0m  [1m[34mSELECT "ar_internal_metadata"."value" FROM "ar_internal_metadata" WHERE "ar_internal_metadata"."key" = $1[0m  [["key", "environment"]]
  ↳ /home/mahesh/.rvm/rubies/ruby-2.6.3/lib/ruby/gems/2.6.0/gems/rake-12.3.2/lib/rake/task.rb:273
  [1m[35m (0.2ms)[0m  [1m[34mSELECT "schema_migrations"."version" FROM "schema_migrations" ORDER BY "schema_migrations"."version" ASC[0m
  ↳ /home/mahesh/.rvm/rubies/ruby-2.6.3/lib/ruby/gems/2.6.0/gems/rake-12.3.2/lib/rake/task.rb:273
  [1m[35m (0.1ms)[0m  [1m[34mSELECT "ar_internal_metadata"."value" FROM "ar_internal_metadata" WHERE "ar_internal_metadata"."key" = $1[0m  [["key", "environment"]]
  ↳ /home/mahesh/.rvm/rubies/ruby-2.6.3/lib/ruby/gems/2.6.0/gems/rake-12.3.2/lib/rake/task.rb:273
  [1m[35m (0.2ms)[0m  [1m[34mSELECT "schema_migrations"."version" FROM "schema_migrations" ORDER BY "schema_migrations"."version" ASC[0m
  ↳ /home/mahesh/.rvm/rubies/ruby-2.6.3/lib/ruby/gems/2.6.0/gems/rake-12.3.2/lib/rake/task.rb:273
  [1m[35m (0.2ms)[0m  [1m[34mSELECT "ar_internal_metadata"."value" FROM "ar_internal_metadata" WHERE "ar_internal_metadata"."key" = $1[0m  [["key", "environment"]]
  ↳ /home/mahesh/.rvm/rubies/ruby-2.6.3/lib/ruby/gems/2.6.0/gems/rake-12.3.2/lib/rake/task.rb:273
  [1m[35mSQL (0.2ms)[0m  [1m[35mCREATE EXTENSION IF NOT EXISTS "plpgsql"[0m
  ↳ db/schema.rb:16
  [1m[35m (333.4ms)[0m  [1m[35mDROP TABLE IF EXISTS "blogs" CASCADE[0m
  ↳ db/schema.rb:18
  [1m[35m (93.7ms)[0m  [1m[35mCREATE TABLE "blogs" ("id" bigserial primary key, "title" character varying, "body" text, "created_at" timestamp NOT NULL, "updated_at" timestamp NOT NULL)[0m
  ↳ db/schema.rb:18
  [1m[35m (17.1ms)[0m  [1m[35mDROP TABLE IF EXISTS "portfolios" CASCADE[0m
  ↳ db/schema.rb:25
  [1m[35m (83.3ms)[0m  [1m[35mCREATE TABLE "portfolios" ("id" bigserial primary key, "title" character varying, "subtitle" character varying, "body" text, "main_image" text, "thumb_image" text, "created_at" timestamp NOT NULL, "updated_at" timestamp NOT NULL)[0m
  ↳ db/schema.rb:25
  [1m[35m (17.0ms)[0m  [1m[35mDROP TABLE IF EXISTS "skills" CASCADE[0m
  ↳ db/schema.rb:35
  [1m[35m (93.7ms)[0m  [1m[35mCREATE TABLE "skills" ("id" bigserial primary key, "title" character varying, "percent_utilized" integer, "created_at" timestamp NOT NULL, "updated_at" timestamp NOT NULL)[0m
  ↳ db/schema.rb:35
  [1m[35m (1.6ms)[0m  [1m[34mSELECT "schema_migrations"."version" FROM "schema_migrations" ORDER BY "schema_migrations"."version" ASC[0m
  ↳ db/schema.rb:13
  [1m[36mActiveRecord::InternalMetadata Load (0.9ms)[0m  [1m[34mSELECT  "ar_internal_metadata".* FROM "ar_internal_metadata" WHERE "ar_internal_metadata"."key" = $1 LIMIT $2[0m  [["key", "environment"], ["LIMIT", 1]]
  ↳ db/schema.rb:13
  [1m[35m (0.5ms)[0m  [1m[35mBEGIN[0m
  ↳ db/schema.rb:13
  [1m[35m (0.5ms)[0m  [1m[35mCOMMIT[0m
  ↳ db/schema.rb:13
  [1m[36mActiveRecord::InternalMetadata Load (0.7ms)[0m  [1m[34mSELECT  "ar_internal_metadata".* FROM "ar_internal_metadata" WHERE "ar_internal_metadata"."key" = $1 LIMIT $2[0m  [["key", "environment"], ["LIMIT", 1]]
  ↳ /home/mahesh/.rvm/rubies/ruby-2.6.3/lib/ruby/gems/2.6.0/gems/rake-12.3.2/lib/rake/task.rb:273
  [1m[35m (0.4ms)[0m  [1m[35mBEGIN[0m
  ↳ /home/mahesh/.rvm/rubies/ruby-2.6.3/lib/ruby/gems/2.6.0/gems/rake-12.3.2/lib/rake/task.rb:273
  [1m[35m (0.6ms)[0m  [1m[35mCOMMIT[0m
  ↳ /home/mahesh/.rvm/rubies/ruby-2.6.3/lib/ruby/gems/2.6.0/gems/rake-12.3.2/lib/rake/task.rb:273
  [1m[35mSQL (0.7ms)[0m  [1m[35mCREATE EXTENSION IF NOT EXISTS "plpgsql"[0m
  ↳ db/schema.rb:16
  [1m[35m (18.7ms)[0m  [1m[35mDROP TABLE IF EXISTS "blogs" CASCADE[0m
  ↳ db/schema.rb:18
  [1m[35m (93.9ms)[0m  [1m[35mCREATE TABLE "blogs" ("id" bigserial primary key, "title" character varying, "body" text, "created_at" timestamp NOT NULL, "updated_at" timestamp NOT NULL)[0m
  ↳ db/schema.rb:18
  [1m[35m (17.2ms)[0m  [1m[35mDROP TABLE IF EXISTS "portfolios" CASCADE[0m
  ↳ db/schema.rb:25
  [1m[35m (83.0ms)[0m  [1m[35mCREATE TABLE "portfolios" ("id" bigserial primary key, "title" character varying, "subtitle" character varying, "body" text, "main_image" text, "thumb_image" text, "created_at" timestamp NOT NULL, "updated_at" timestamp NOT NULL)[0m
  ↳ db/schema.rb:25
  [1m[35m (17.0ms)[0m  [1m[35mDROP TABLE IF EXISTS "skills" CASCADE[0m
  ↳ db/schema.rb:35
  [1m[35m (83.8ms)[0m  [1m[35mCREATE TABLE "skills" ("id" bigserial primary key, "title" character varying, "percent_utilized" integer, "created_at" timestamp NOT NULL, "updated_at" timestamp NOT NULL)[0m
  ↳ db/schema.rb:35
  [1m[35m (1.5ms)[0m  [1m[34mSELECT "schema_migrations"."version" FROM "schema_migrations" ORDER BY "schema_migrations"."version" ASC[0m
  ↳ db/schema.rb:13
  [1m[36mActiveRecord::InternalMetadata Load (0.9ms)[0m  [1m[34mSELECT  "ar_internal_metadata".* FROM "ar_internal_metadata" WHERE "ar_internal_metadata"."key" = $1 LIMIT $2[0m  [["key", "environment"], ["LIMIT", 1]]
  ↳ db/schema.rb:13
  [1m[35m (0.4ms)[0m  [1m[35mBEGIN[0m
  ↳ db/schema.rb:13
  [1m[36mActiveRecord::InternalMetadata Update (0.9ms)[0m  [1m[33mUPDATE "ar_internal_metadata" SET "value" = $1, "updated_at" = $2 WHERE "ar_internal_metadata"."key" = $3[0m  [["value", "development"], ["updated_at", "2019-07-15 11:59:24.381014"], ["key", "environment"]]
  ↳ db/schema.rb:13
  [1m[35m (18.2ms)[0m  [1m[35mCOMMIT[0m
  ↳ db/schema.rb:13
  [1m[36mActiveRecord::InternalMetadata Load (0.7ms)[0m  [1m[34mSELECT  "ar_internal_metadata".* FROM "ar_internal_metadata" WHERE "ar_internal_metadata"."key" = $1 LIMIT $2[0m  [["key", "environment"], ["LIMIT", 1]]
  ↳ /home/mahesh/.rvm/rubies/ruby-2.6.3/lib/ruby/gems/2.6.0/gems/rake-12.3.2/lib/rake/task.rb:273
  [1m[35m (0.4ms)[0m  [1m[35mBEGIN[0m
  ↳ /home/mahesh/.rvm/rubies/ruby-2.6.3/lib/ruby/gems/2.6.0/gems/rake-12.3.2/lib/rake/task.rb:273
  [1m[36mActiveRecord::InternalMetadata Update (0.8ms)[0m  [1m[33mUPDATE "ar_internal_metadata" SET "value" = $1, "updated_at" = $2 WHERE "ar_internal_metadata"."key" = $3[0m  [["value", "test"], ["updated_at", "2019-07-15 11:59:24.408199"], ["key", "environment"]]
  ↳ /home/mahesh/.rvm/rubies/ruby-2.6.3/lib/ruby/gems/2.6.0/gems/rake-12.3.2/lib/rake/task.rb:273
  [1m[35m (19.1ms)[0m  [1m[35mCOMMIT[0m
  ↳ /home/mahesh/.rvm/rubies/ruby-2.6.3/lib/ruby/gems/2.6.0/gems/rake-12.3.2/lib/rake/task.rb:273
  [1m[35m (1.0ms)[0m  [1m[34mSELECT "schema_migrations"."version" FROM "schema_migrations" ORDER BY "schema_migrations"."version" ASC[0m
  ↳ /home/mahesh/.rvm/rubies/ruby-2.6.3/lib/ruby/gems/2.6.0/gems/rake-12.3.2/lib/rake/task.rb:273
  [1m[35m (0.5ms)[0m  [1m[35mCREATE DATABASE "DevcampPortfolio_development" ENCODING = 'unicode'[0m
  ↳ /home/mahesh/.rvm/rubies/ruby-2.6.3/lib/ruby/gems/2.6.0/gems/rake-12.3.2/lib/rake/task.rb:273
  [1m[35m (0.4ms)[0m  [1m[35mCREATE DATABASE "DevcampPortfolio_test" ENCODING = 'unicode'[0m
  ↳ /home/mahesh/.rvm/rubies/ruby-2.6.3/lib/ruby/gems/2.6.0/gems/rake-12.3.2/lib/rake/task.rb:273
  [1m[35m (0.4ms)[0m  [1m[34mSELECT "schema_migrations"."version" FROM "schema_migrations" ORDER BY "schema_migrations"."version" ASC[0m
  ↳ /home/mahesh/.rvm/rubies/ruby-2.6.3/lib/ruby/gems/2.6.0/gems/rake-12.3.2/lib/rake/task.rb:273
  [1m[35m (0.3ms)[0m  [1m[34mSELECT "ar_internal_metadata"."value" FROM "ar_internal_metadata" WHERE "ar_internal_metadata"."key" = $1[0m  [["key", "environment"]]
  ↳ /home/mahesh/.rvm/rubies/ruby-2.6.3/lib/ruby/gems/2.6.0/gems/rake-12.3.2/lib/rake/task.rb:273
  [1m[35m (0.2ms)[0m  [1m[34mSELECT "schema_migrations"."version" FROM "schema_migrations" ORDER BY "schema_migrations"."version" ASC[0m
  ↳ /home/mahesh/.rvm/rubies/ruby-2.6.3/lib/ruby/gems/2.6.0/gems/rake-12.3.2/lib/rake/task.rb:273
  [1m[35m (0.2ms)[0m  [1m[34mSELECT "ar_internal_metadata"."value" FROM "ar_internal_metadata" WHERE "ar_internal_metadata"."key" = $1[0m  [["key", "environment"]]
  ↳ /home/mahesh/.rvm/rubies/ruby-2.6.3/lib/ruby/gems/2.6.0/gems/rake-12.3.2/lib/rake/task.rb:273
  [1m[35m (0.2ms)[0m  [1m[34mSELECT "schema_migrations"."version" FROM "schema_migrations" ORDER BY "schema_migrations"."version" ASC[0m
  ↳ /home/mahesh/.rvm/rubies/ruby-2.6.3/lib/ruby/gems/2.6.0/gems/rake-12.3.2/lib/rake/task.rb:273
  [1m[35m (0.2ms)[0m  [1m[34mSELECT "ar_internal_metadata"."value" FROM "ar_internal_metadata" WHERE "ar_internal_metadata"."key" = $1[0m  [["key", "environment"]]
  ↳ /home/mahesh/.rvm/rubies/ruby-2.6.3/lib/ruby/gems/2.6.0/gems/rake-12.3.2/lib/rake/task.rb:273
  [1m[35mSQL (0.2ms)[0m  [1m[35mCREATE EXTENSION IF NOT EXISTS "plpgsql"[0m
  ↳ db/schema.rb:16
  [1m[35m (98.2ms)[0m  [1m[35mDROP TABLE IF EXISTS "blogs" CASCADE[0m
  ↳ db/schema.rb:18
  [1m[35m (82.2ms)[0m  [1m[35mCREATE TABLE "blogs" ("id" bigserial primary key, "title" character varying, "body" text, "created_at" timestamp NOT NULL, "updated_at" timestamp NOT NULL)[0m
  ↳ db/schema.rb:18
  [1m[35m (21.3ms)[0m  [1m[35mDROP TABLE IF EXISTS "portfolios" CASCADE[0m
  ↳ db/schema.rb:25
  [1m[35m (80.2ms)[0m  [1m[35mCREATE TABLE "portfolios" ("id" bigserial primary key, "title" character varying, "subtitle" character varying, "body" text, "main_image" text, "thumb_image" text, "created_at" timestamp NOT NULL, "updated_at" timestamp NOT NULL)[0m
  ↳ db/schema.rb:25
  [1m[35m (17.0ms)[0m  [1m[35mDROP TABLE IF EXISTS "skills" CASCADE[0m
  ↳ db/schema.rb:35
  [1m[35m (83.3ms)[0m  [1m[35mCREATE TABLE "skills" ("id" bigserial primary key, "title" character varying, "percent_utilized" integer, "created_at" timestamp NOT NULL, "updated_at" timestamp NOT NULL)[0m
  ↳ db/schema.rb:35
  [1m[35m (1.5ms)[0m  [1m[34mSELECT "schema_migrations"."version" FROM "schema_migrations" ORDER BY "schema_migrations"."version" ASC[0m
  ↳ db/schema.rb:13
  [1m[36mActiveRecord::InternalMetadata Load (0.9ms)[0m  [1m[34mSELECT  "ar_internal_metadata".* FROM "ar_internal_metadata" WHERE "ar_internal_metadata"."key" = $1 LIMIT $2[0m  [["key", "environment"], ["LIMIT", 1]]
  ↳ db/schema.rb:13
  [1m[35m (0.4ms)[0m  [1m[35mBEGIN[0m
  ↳ db/schema.rb:13
  [1m[35m (0.4ms)[0m  [1m[35mCOMMIT[0m
  ↳ db/schema.rb:13
  [1m[36mActiveRecord::InternalMetadata Load (0.7ms)[0m  [1m[34mSELECT  "ar_internal_metadata".* FROM "ar_internal_metadata" WHERE "ar_internal_metadata"."key" = $1 LIMIT $2[0m  [["key", "environment"], ["LIMIT", 1]]
  ↳ /home/mahesh/.rvm/rubies/ruby-2.6.3/lib/ruby/gems/2.6.0/gems/rake-12.3.2/lib/rake/task.rb:273
  [1m[35m (0.4ms)[0m  [1m[35mBEGIN[0m
  ↳ /home/mahesh/.rvm/rubies/ruby-2.6.3/lib/ruby/gems/2.6.0/gems/rake-12.3.2/lib/rake/task.rb:273
  [1m[35m (0.4ms)[0m  [1m[35mCOMMIT[0m
  ↳ /home/mahesh/.rvm/rubies/ruby-2.6.3/lib/ruby/gems/2.6.0/gems/rake-12.3.2/lib/rake/task.rb:273
  [1m[35mSQL (0.4ms)[0m  [1m[35mCREATE EXTENSION IF NOT EXISTS "plpgsql"[0m
  ↳ db/schema.rb:16
  [1m[35m (17.4ms)[0m  [1m[35mDROP TABLE IF EXISTS "blogs" CASCADE[0m
  ↳ db/schema.rb:18
  [1m[35m (84.8ms)[0m  [1m[35mCREATE TABLE "blogs" ("id" bigserial primary key, "title" character varying, "body" text, "created_at" timestamp NOT NULL, "updated_at" timestamp NOT NULL)[0m
  ↳ db/schema.rb:18
  [1m[35m (16.2ms)[0m  [1m[35mDROP TABLE IF EXISTS "portfolios" CASCADE[0m
  ↳ db/schema.rb:25
  [1m[35m (84.5ms)[0m  [1m[35mCREATE TABLE "portfolios" ("id" bigserial primary key, "title" character varying, "subtitle" character varying, "body" text, "main_image" text, "thumb_image" text, "created_at" timestamp NOT NULL, "updated_at" timestamp NOT NULL)[0m
  ↳ db/schema.rb:25
  [1m[35m (16.3ms)[0m  [1m[35mDROP TABLE IF EXISTS "skills" CASCADE[0m
  ↳ db/schema.rb:35
  [1m[35m (100.5ms)[0m  [1m[35mCREATE TABLE "skills" ("id" bigserial primary key, "title" character varying, "percent_utilized" integer, "created_at" timestamp NOT NULL, "updated_at" timestamp NOT NULL)[0m
  ↳ db/schema.rb:35
  [1m[35m (1.5ms)[0m  [1m[34mSELECT "schema_migrations"."version" FROM "schema_migrations" ORDER BY "schema_migrations"."version" ASC[0m
  ↳ db/schema.rb:13
  [1m[36mActiveRecord::InternalMetadata Load (0.9ms)[0m  [1m[34mSELECT  "ar_internal_metadata".* FROM "ar_internal_metadata" WHERE "ar_internal_metadata"."key" = $1 LIMIT $2[0m  [["key", "environment"], ["LIMIT", 1]]
  ↳ db/schema.rb:13
  [1m[35m (0.5ms)[0m  [1m[35mBEGIN[0m
  ↳ db/schema.rb:13
  [1m[36mActiveRecord::InternalMetadata Update (0.9ms)[0m  [1m[33mUPDATE "ar_internal_metadata" SET "value" = $1, "updated_at" = $2 WHERE "ar_internal_metadata"."key" = $3[0m  [["value", "development"], ["updated_at", "2019-07-15 11:59:59.603050"], ["key", "environment"]]
  ↳ db/schema.rb:13
  [1m[35m (18.0ms)[0m  [1m[35mCOMMIT[0m
  ↳ db/schema.rb:13
  [1m[36mActiveRecord::InternalMetadata Load (0.7ms)[0m  [1m[34mSELECT  "ar_internal_metadata".* FROM "ar_internal_metadata" WHERE "ar_internal_metadata"."key" = $1 LIMIT $2[0m  [["key", "environment"], ["LIMIT", 1]]
  ↳ /home/mahesh/.rvm/rubies/ruby-2.6.3/lib/ruby/gems/2.6.0/gems/rake-12.3.2/lib/rake/task.rb:273
  [1m[35m (0.4ms)[0m  [1m[35mBEGIN[0m
  ↳ /home/mahesh/.rvm/rubies/ruby-2.6.3/lib/ruby/gems/2.6.0/gems/rake-12.3.2/lib/rake/task.rb:273
  [1m[36mActiveRecord::InternalMetadata Update (0.9ms)[0m  [1m[33mUPDATE "ar_internal_metadata" SET "value" = $1, "updated_at" = $2 WHERE "ar_internal_metadata"."key" = $3[0m  [["value", "test"], ["updated_at", "2019-07-15 11:59:59.630252"], ["key", "environment"]]
  ↳ /home/mahesh/.rvm/rubies/ruby-2.6.3/lib/ruby/gems/2.6.0/gems/rake-12.3.2/lib/rake/task.rb:273
  [1m[35m (19.2ms)[0m  [1m[35mCOMMIT[0m
  ↳ /home/mahesh/.rvm/rubies/ruby-2.6.3/lib/ruby/gems/2.6.0/gems/rake-12.3.2/lib/rake/task.rb:273
  [1m[35m (1.3ms)[0m  [1m[34mSELECT "schema_migrations"."version" FROM "schema_migrations" ORDER BY "schema_migrations"."version" ASC[0m
  ↳ /home/mahesh/.rvm/rubies/ruby-2.6.3/lib/ruby/gems/2.6.0/gems/rake-12.3.2/lib/rake/task.rb:273
  [1m[35m (0.4ms)[0m  [1m[35mBEGIN[0m
  ↳ db/seeds.rb:2
  [1m[36mBlog Create (1.2ms)[0m  [1m[32mINSERT INTO "blogs" ("title", "body", "created_at", "updated_at") VALUES ($1, $2, $3, $4) RETURNING "id"[0m  [["title", "My blog Post 0"], ["body", "Guides marked with this icon are currently being worked\n    on and will not be available in the Guides Index menu. While still\n    useful, they may contain incomplete information and even errors.\n    You can help by reviewing them and posting your comments\n    and corrections."], ["created_at", "2019-07-15 11:59:59.710990"], ["updated_at", "2019-07-15 11:59:59.710990"]]
  ↳ db/seeds.rb:2
  [1m[35m (20.7ms)[0m  [1m[35mCOMMIT[0m
  ↳ db/seeds.rb:2
  [1m[35m (0.4ms)[0m  [1m[35mBEGIN[0m
  ↳ db/seeds.rb:2
  [1m[36mBlog Create (0.7ms)[0m  [1m[32mINSERT INTO "blogs" ("title", "body", "created_at", "updated_at") VALUES ($1, $2, $3, $4) RETURNING "id"[0m  [["title", "My blog Post 1"], ["body", "Guides marked with this icon are currently being worked\n    on and will not be available in the Guides Index menu. While still\n    useful, they may contain incomplete information and even errors.\n    You can help by reviewing them and posting your comments\n    and corrections."], ["created_at", "2019-07-15 11:59:59.736661"], ["updated_at", "2019-07-15 11:59:59.736661"]]
  ↳ db/seeds.rb:2
  [1m[35m (13.4ms)[0m  [1m[35mCOMMIT[0m
  ↳ db/seeds.rb:2
  [1m[35m (0.5ms)[0m  [1m[35mBEGIN[0m
  ↳ db/seeds.rb:2
  [1m[36mBlog Create (0.9ms)[0m  [1m[32mINSERT INTO "blogs" ("title", "body", "created_at", "updated_at") VALUES ($1, $2, $3, $4) RETURNING "id"[0m  [["title", "My blog Post 2"], ["body", "Guides marked with this icon are currently being worked\n    on and will not be available in the Guides Index menu. While still\n    useful, they may contain incomplete information and even errors.\n    You can help by reviewing them and posting your comments\n    and corrections."], ["created_at", "2019-07-15 11:59:59.754404"], ["updated_at", "2019-07-15 11:59:59.754404"]]
  ↳ db/seeds.rb:2
  [1m[35m (11.9ms)[0m  [1m[35mCOMMIT[0m
  ↳ db/seeds.rb:2
  [1m[35m (0.5ms)[0m  [1m[35mBEGIN[0m
  ↳ db/seeds.rb:2
  [1m[36mBlog Create (0.9ms)[0m  [1m[32mINSERT INTO "blogs" ("title", "body", "created_at", "updated_at") VALUES ($1, $2, $3, $4) RETURNING "id"[0m  [["title", "My blog Post 3"], ["body", "Guides marked with this icon are currently being worked\n    on and will not be available in the Guides Index menu. While still\n    useful, they may contain incomplete information and even errors.\n    You can help by reviewing them and posting your comments\n    and corrections."], ["created_at", "2019-07-15 11:59:59.770997"], ["updated_at", "2019-07-15 11:59:59.770997"]]
  ↳ db/seeds.rb:2
  [1m[35m (12.8ms)[0m  [1m[35mCOMMIT[0m
  ↳ db/seeds.rb:2
  [1m[35m (0.5ms)[0m  [1m[35mBEGIN[0m
  ↳ db/seeds.rb:2
  [1m[36mBlog Create (0.9ms)[0m  [1m[32mINSERT INTO "blogs" ("title", "body", "created_at", "updated_at") VALUES ($1, $2, $3, $4) RETURNING "id"[0m  [["title", "My blog Post 4"], ["body", "Guides marked with this icon are currently being worked\n    on and will not be available in the Guides Index menu. While still\n    useful, they may contain incomplete information and even errors.\n    You can help by reviewing them and posting your comments\n    and corrections."], ["created_at", "2019-07-15 11:59:59.788480"], ["updated_at", "2019-07-15 11:59:59.788480"]]
  ↳ db/seeds.rb:2
  [1m[35m (11.8ms)[0m  [1m[35mCOMMIT[0m
  ↳ db/seeds.rb:2
  [1m[35m (0.5ms)[0m  [1m[35mBEGIN[0m
  ↳ db/seeds.rb:2
  [1m[36mBlog Create (0.9ms)[0m  [1m[32mINSERT INTO "blogs" ("title", "body", "created_at", "updated_at") VALUES ($1, $2, $3, $4) RETURNING "id"[0m  [["title", "My blog Post 5"], ["body", "Guides marked with this icon are currently being worked\n    on and will not be available in the Guides Index menu. While still\n    useful, they may contain incomplete information and even errors.\n    You can help by reviewing them and posting your comments\n    and corrections."], ["created_at", "2019-07-15 11:59:59.805127"], ["updated_at", "2019-07-15 11:59:59.805127"]]
  ↳ db/seeds.rb:2
  [1m[35m (29.3ms)[0m  [1m[35mCOMMIT[0m
  ↳ db/seeds.rb:2
  [1m[35m (0.5ms)[0m  [1m[35mBEGIN[0m
  ↳ db/seeds.rb:2
  [1m[36mBlog Create (0.9ms)[0m  [1m[32mINSERT INTO "blogs" ("title", "body", "created_at", "updated_at") VALUES ($1, $2, $3, $4) RETURNING "id"[0m  [["title", "My blog Post 6"], ["body", "Guides marked with this icon are currently being worked\n    on and will not be available in the Guides Index menu. While still\n    useful, they may contain incomplete information and even errors.\n    You can help by reviewing them and posting your comments\n    and corrections."], ["created_at", "2019-07-15 11:59:59.839189"], ["updated_at", "2019-07-15 11:59:59.839189"]]
  ↳ db/seeds.rb:2
  [1m[35m (12.7ms)[0m  [1m[35mCOMMIT[0m
  ↳ db/seeds.rb:2
  [1m[35m (0.5ms)[0m  [1m[35mBEGIN[0m
  ↳ db/seeds.rb:2
  [1m[36mBlog Create (0.9ms)[0m  [1m[32mINSERT INTO "blogs" ("title", "body", "created_at", "updated_at") VALUES ($1, $2, $3, $4) RETURNING "id"[0m  [["title", "My blog Post 7"], ["body", "Guides marked with this icon are currently being worked\n    on and will not be available in the Guides Index menu. While still\n    useful, they may contain incomplete information and even errors.\n    You can help by reviewing them and posting your comments\n    and corrections."], ["created_at", "2019-07-15 11:59:59.856631"], ["updated_at", "2019-07-15 11:59:59.856631"]]
  ↳ db/seeds.rb:2
  [1m[35m (11.9ms)[0m  [1m[35mCOMMIT[0m
  ↳ db/seeds.rb:2
  [1m[35m (0.6ms)[0m  [1m[35mBEGIN[0m
  ↳ db/seeds.rb:2
  [1m[36mBlog Create (0.9ms)[0m  [1m[32mINSERT INTO "blogs" ("title", "body", "created_at", "updated_at") VALUES ($1, $2, $3, $4) RETURNING "id"[0m  [["title", "My blog Post 8"], ["body", "Guides marked with this icon are currently being worked\n    on and will not be available in the Guides Index menu. While still\n    useful, they may contain incomplete information and even errors.\n    You can help by reviewing them and posting your comments\n    and corrections."], ["created_at", "2019-07-15 11:59:59.873312"], ["updated_at", "2019-07-15 11:59:59.873312"]]
  ↳ db/seeds.rb:2
  [1m[35m (12.6ms)[0m  [1m[35mCOMMIT[0m
  ↳ db/seeds.rb:2
  [1m[35m (0.5ms)[0m  [1m[35mBEGIN[0m
  ↳ db/seeds.rb:2
  [1m[36mBlog Create (1.1ms)[0m  [1m[32mINSERT INTO "blogs" ("title", "body", "created_at", "updated_at") VALUES ($1, $2, $3, $4) RETURNING "id"[0m  [["title", "My blog Post 9"], ["body", "Guides marked with this icon are currently being worked\n    on and will not be available in the Guides Index menu. While still\n    useful, they may contain incomplete information and even errors.\n    You can help by reviewing them and posting your comments\n    and corrections."], ["created_at", "2019-07-15 11:59:59.890686"], ["updated_at", "2019-07-15 11:59:59.890686"]]
  ↳ db/seeds.rb:2
  [1m[35m (11.5ms)[0m  [1m[35mCOMMIT[0m
  ↳ db/seeds.rb:2
  [1m[35m (0.4ms)[0m  [1m[35mBEGIN[0m
  ↳ db/seeds.rb:15
  [1m[36mSkill Create (1.2ms)[0m  [1m[32mINSERT INTO "skills" ("title", "percent_utilized", "created_at", "updated_at") VALUES ($1, $2, $3, $4) RETURNING "id"[0m  [["title", "Rails 0"], ["percent_utilized", 14], ["created_at", "2019-07-15 11:59:59.928281"], ["updated_at", "2019-07-15 11:59:59.928281"]]
  ↳ db/seeds.rb:15
  [1m[35m (13.4ms)[0m  [1m[35mCOMMIT[0m
  ↳ db/seeds.rb:15
  [1m[35m (0.5ms)[0m  [1m[35mBEGIN[0m
  ↳ db/seeds.rb:15
  [1m[36mSkill Create (0.9ms)[0m  [1m[32mINSERT INTO "skills" ("title", "percent_utilized", "created_at", "updated_at") VALUES ($1, $2, $3, $4) RETURNING "id"[0m  [["title", "Rails 1"], ["percent_utilized", 14], ["created_at", "2019-07-15 11:59:59.946820"], ["updated_at", "2019-07-15 11:59:59.946820"]]
  ↳ db/seeds.rb:15
  [1m[35m (11.5ms)[0m  [1m[35mCOMMIT[0m
  ↳ db/seeds.rb:15
  [1m[35m (0.5ms)[0m  [1m[35mBEGIN[0m
  ↳ db/seeds.rb:15
  [1m[36mSkill Create (0.9ms)[0m  [1m[32mINSERT INTO "skills" ("title", "percent_utilized", "created_at", "updated_at") VALUES ($1, $2, $3, $4) RETURNING "id"[0m  [["title", "Rails 2"], ["percent_utilized", 14], ["created_at", "2019-07-15 11:59:59.963063"], ["updated_at", "2019-07-15 11:59:59.963063"]]
  ↳ db/seeds.rb:15
  [1m[35m (13.0ms)[0m  [1m[35mCOMMIT[0m
  ↳ db/seeds.rb:15
  [1m[35m (0.5ms)[0m  [1m[35mBEGIN[0m
  ↳ db/seeds.rb:15
  [1m[36mSkill Create (0.9ms)[0m  [1m[32mINSERT INTO "skills" ("title", "percent_utilized", "created_at", "updated_at") VALUES ($1, $2, $3, $4) RETURNING "id"[0m  [["title", "Rails 3"], ["percent_utilized", 14], ["created_at", "2019-07-15 11:59:59.980997"], ["updated_at", "2019-07-15 11:59:59.980997"]]
  ↳ db/seeds.rb:15
  [1m[35m (11.4ms)[0m  [1m[35mCOMMIT[0m
  ↳ db/seeds.rb:15
  [1m[35m (0.5ms)[0m  [1m[35mBEGIN[0m
  ↳ db/seeds.rb:15
  [1m[36mSkill Create (0.9ms)[0m  [1m[32mINSERT INTO "skills" ("title", "percent_utilized", "created_at", "updated_at") VALUES ($1, $2, $3, $4) RETURNING "id"[0m  [["title", "Rails 4"], ["percent_utilized", 14], ["created_at", "2019-07-15 11:59:59.997135"], ["updated_at", "2019-07-15 11:59:59.997135"]]
  ↳ db/seeds.rb:15
  [1m[35m (12.9ms)[0m  [1m[35mCOMMIT[0m
  ↳ db/seeds.rb:15
  [1m[35m (0.5ms)[0m  [1m[35mBEGIN[0m
  ↳ db/seeds.rb:24
  [1m[36mPortfolio Create (1.6ms)[0m  [1m[32mINSERT INTO "portfolios" ("title", "subtitle", "body", "main_image", "thumb_image", "created_at", "updated_at") VALUES ($1, $2, $3, $4, $5, $6, $7) RETURNING "id"[0m  [["title", "Portfolio title: 0"], ["subtitle", "My greate service"], ["body", "There are many variations of passages of Lorem Ipsum available,\n    but the majority have suffered alteration in some form, by injected\n    humour, or randomised words which don't look even slightly believable.\n    If you are going to use a passage of Lorem Ipsum, you need to be sure\n    there isn't anything embarrassing hidden in the middle of text.\n    All the Lorem Ipsum generators on the Internet tend to repeat\n    predefined chunks as necessary, making this the first true generator\n    on the Internet. It uses a dictionary of over 200 Latin words,\n    combined with a handful of model sentence structures,\n    to generate Lorem Ipsum which looks reasonable. The generated Lorem\n    Ipsum is therefore always free from repetition, injected humour,\n    or non-characteristic words etc."], ["main_image", "http://placehold.it/700*500"], ["thumb_image", "http://placehold.it/350*200"], ["created_at", "2019-07-15 12:00:00.043046"], ["updated_at", "2019-07-15 12:00:00.043046"]]
  ↳ db/seeds.rb:24
  [1m[35m (15.0ms)[0m  [1m[35mCOMMIT[0m
  ↳ db/seeds.rb:24
  [1m[35m (0.5ms)[0m  [1m[35mBEGIN[0m
  ↳ db/seeds.rb:24
  [1m[36mPortfolio Create (0.9ms)[0m  [1m[32mINSERT INTO "portfolios" ("title", "subtitle", "body", "main_image", "thumb_image", "created_at", "updated_at") VALUES ($1, $2, $3, $4, $5, $6, $7) RETURNING "id"[0m  [["title", "Portfolio title: 1"], ["subtitle", "My greate service"], ["body", "There are many variations of passages of Lorem Ipsum available,\n    but the majority have suffered alteration in some form, by injected\n    humour, or randomised words which don't look even slightly believable.\n    If you are going to use a passage of Lorem Ipsum, you need to be sure\n    there isn't anything embarrassing hidden in the middle of text.\n    All the Lorem Ipsum generators on the Internet tend to repeat\n    predefined chunks as necessary, making this the first true generator\n    on the Internet. It uses a dictionary of over 200 Latin words,\n    combined with a handful of model sentence structures,\n    to generate Lorem Ipsum which looks reasonable. The generated Lorem\n    Ipsum is therefore always free from repetition, injected humour,\n    or non-characteristic words etc."], ["main_image", "http://placehold.it/700*500"], ["thumb_image", "http://placehold.it/350*200"], ["created_at", "2019-07-15 12:00:00.064500"], ["updated_at", "2019-07-15 12:00:00.064500"]]
  ↳ db/seeds.rb:24
  [1m[35m (12.5ms)[0m  [1m[35mCOMMIT[0m
  ↳ db/seeds.rb:24
  [1m[35m (0.5ms)[0m  [1m[35mBEGIN[0m
  ↳ db/seeds.rb:24
  [1m[36mPortfolio Create (0.9ms)[0m  [1m[32mINSERT INTO "portfolios" ("title", "subtitle", "body", "main_image", "thumb_image", "created_at", "updated_at") VALUES ($1, $2, $3, $4, $5, $6, $7) RETURNING "id"[0m  [["title", "Portfolio title: 2"], ["subtitle", "My greate service"], ["body", "There are many variations of passages of Lorem Ipsum available,\n    but the majority have suffered alteration in some form, by injected\n    humour, or randomised words which don't look even slightly believable.\n    If you are going to use a passage of Lorem Ipsum, you need to be sure\n    there isn't anything embarrassing hidden in the middle of text.\n    All the Lorem Ipsum generators on the Internet tend to repeat\n    predefined chunks as necessary, making this the first true generator\n    on the Internet. It uses a dictionary of over 200 Latin words,\n    combined with a handful of model sentence structures,\n    to generate Lorem Ipsum which looks reasonable. The generated Lorem\n    Ipsum is therefore always free from repetition, injected humour,\n    or non-characteristic words etc."], ["main_image", "http://placehold.it/700*500"], ["thumb_image", "http://placehold.it/350*200"], ["created_at", "2019-07-15 12:00:00.082106"], ["updated_at", "2019-07-15 12:00:00.082106"]]
  ↳ db/seeds.rb:24
  [1m[35m (11.2ms)[0m  [1m[35mCOMMIT[0m
  ↳ db/seeds.rb:24
  [1m[35m (0.5ms)[0m  [1m[35mBEGIN[0m
  ↳ db/seeds.rb:24
  [1m[36mPortfolio Create (0.9ms)[0m  [1m[32mINSERT INTO "portfolios" ("title", "subtitle", "body", "main_image", "thumb_image", "created_at", "updated_at") VALUES ($1, $2, $3, $4, $5, $6, $7) RETURNING "id"[0m  [["title", "Portfolio title: 3"], ["subtitle", "My greate service"], ["body", "There are many variations of passages of Lorem Ipsum available,\n    but the majority have suffered alteration in some form, by injected\n    humour, or randomised words which don't look even slightly believable.\n    If you are going to use a passage of Lorem Ipsum, you need to be sure\n    there isn't anything embarrassing hidden in the middle of text.\n    All the Lorem Ipsum generators on the Internet tend to repeat\n    predefined chunks as necessary, making this the first true generator\n    on the Internet. It uses a dictionary of over 200 Latin words,\n    combined with a handful of model sentence structures,\n    to generate Lorem Ipsum which looks reasonable. The generated Lorem\n    Ipsum is therefore always free from repetition, injected humour,\n    or non-characteristic words etc."], ["main_image", "http://placehold.it/700*500"], ["thumb_image", "http://placehold.it/350*200"], ["created_at", "2019-07-15 12:00:00.098628"], ["updated_at", "2019-07-15 12:00:00.098628"]]
  ↳ db/seeds.rb:24
  [1m[35m (12.3ms)[0m  [1m[35mCOMMIT[0m
  ↳ db/seeds.rb:24
  [1m[35m (0.5ms)[0m  [1m[35mBEGIN[0m
  ↳ db/seeds.rb:24
  [1m[36mPortfolio Create (0.9ms)[0m  [1m[32mINSERT INTO "portfolios" ("title", "subtitle", "body", "main_image", "thumb_image", "created_at", "updated_at") VALUES ($1, $2, $3, $4, $5, $6, $7) RETURNING "id"[0m  [["title", "Portfolio title: 4"], ["subtitle", "My greate service"], ["body", "There are many variations of passages of Lorem Ipsum available,\n    but the majority have suffered alteration in some form, by injected\n    humour, or randomised words which don't look even slightly believable.\n    If you are going to use a passage of Lorem Ipsum, you need to be sure\n    there isn't anything embarrassing hidden in the middle of text.\n    All the Lorem Ipsum generators on the Internet tend to repeat\n    predefined chunks as necessary, making this the first true generator\n    on the Internet. It uses a dictionary of over 200 Latin words,\n    combined with a handful of model sentence structures,\n    to generate Lorem Ipsum which looks reasonable. The generated Lorem\n    Ipsum is therefore always free from repetition, injected humour,\n    or non-characteristic words etc."], ["main_image", "http://placehold.it/700*500"], ["thumb_image", "http://placehold.it/350*200"], ["created_at", "2019-07-15 12:00:00.116027"], ["updated_at", "2019-07-15 12:00:00.116027"]]
  ↳ db/seeds.rb:24
  [1m[35m (11.4ms)[0m  [1m[35mCOMMIT[0m
  ↳ db/seeds.rb:24
  [1m[35m (0.5ms)[0m  [1m[35mBEGIN[0m
  ↳ db/seeds.rb:24
  [1m[36mPortfolio Create (0.9ms)[0m  [1m[32mINSERT INTO "portfolios" ("title", "subtitle", "body", "main_image", "thumb_image", "created_at", "updated_at") VALUES ($1, $2, $3, $4, $5, $6, $7) RETURNING "id"[0m  [["title", "Portfolio title: 5"], ["subtitle", "My greate service"], ["body", "There are many variations of passages of Lorem Ipsum available,\n    but the majority have suffered alteration in some form, by injected\n    humour, or randomised words which don't look even slightly believable.\n    If you are going to use a passage of Lorem Ipsum, you need to be sure\n    there isn't anything embarrassing hidden in the middle of text.\n    All the Lorem Ipsum generators on the Internet tend to repeat\n    predefined chunks as necessary, making this the first true generator\n    on the Internet. It uses a dictionary of over 200 Latin words,\n    combined with a handful of model sentence structures,\n    to generate Lorem Ipsum which looks reasonable. The generated Lorem\n    Ipsum is therefore always free from repetition, injected humour,\n    or non-characteristic words etc."], ["main_image", "http://placehold.it/700*500"], ["thumb_image", "http://placehold.it/350*200"], ["created_at", "2019-07-15 12:00:00.132690"], ["updated_at", "2019-07-15 12:00:00.132690"]]
  ↳ db/seeds.rb:24
  [1m[35m (12.6ms)[0m  [1m[35mCOMMIT[0m
  ↳ db/seeds.rb:24
  [1m[35m (0.5ms)[0m  [1m[35mBEGIN[0m
  ↳ db/seeds.rb:24
  [1m[36mPortfolio Create (0.9ms)[0m  [1m[32mINSERT INTO "portfolios" ("title", "subtitle", "body", "main_image", "thumb_image", "created_at", "updated_at") VALUES ($1, $2, $3, $4, $5, $6, $7) RETURNING "id"[0m  [["title", "Portfolio title: 6"], ["subtitle", "My greate service"], ["body", "There are many variations of passages of Lorem Ipsum available,\n    but the majority have suffered alteration in some form, by injected\n    humour, or randomised words which don't look even slightly believable.\n    If you are going to use a passage of Lorem Ipsum, you need to be sure\n    there isn't anything embarrassing hidden in the middle of text.\n    All the Lorem Ipsum generators on the Internet tend to repeat\n    predefined chunks as necessary, making this the first true generator\n    on the Internet. It uses a dictionary of over 200 Latin words,\n    combined with a handful of model sentence structures,\n    to generate Lorem Ipsum which looks reasonable. The generated Lorem\n    Ipsum is therefore always free from repetition, injected humour,\n    or non-characteristic words etc."], ["main_image", "http://placehold.it/700*500"], ["thumb_image", "http://placehold.it/350*200"], ["created_at", "2019-07-15 12:00:00.150279"], ["updated_at", "2019-07-15 12:00:00.150279"]]
  ↳ db/seeds.rb:24
  [1m[35m (11.3ms)[0m  [1m[35mCOMMIT[0m
  ↳ db/seeds.rb:24
  [1m[35m (0.5ms)[0m  [1m[35mBEGIN[0m
  ↳ db/seeds.rb:24
  [1m[36mPortfolio Create (0.9ms)[0m  [1m[32mINSERT INTO "portfolios" ("title", "subtitle", "body", "main_image", "thumb_image", "created_at", "updated_at") VALUES ($1, $2, $3, $4, $5, $6, $7) RETURNING "id"[0m  [["title", "Portfolio title: 7"], ["subtitle", "My greate service"], ["body", "There are many variations of passages of Lorem Ipsum available,\n    but the majority have suffered alteration in some form, by injected\n    humour, or randomised words which don't look even slightly believable.\n    If you are going to use a passage of Lorem Ipsum, you need to be sure\n    there isn't anything embarrassing hidden in the middle of text.\n    All the Lorem Ipsum generators on the Internet tend to repeat\n    predefined chunks as necessary, making this the first true generator\n    on the Internet. It uses a dictionary of over 200 Latin words,\n    combined with a handful of model sentence structures,\n    to generate Lorem Ipsum which looks reasonable. The generated Lorem\n    Ipsum is therefore always free from repetition, injected humour,\n    or non-characteristic words etc."], ["main_image", "http://placehold.it/700*500"], ["thumb_image", "http://placehold.it/350*200"], ["created_at", "2019-07-15 12:00:00.166678"], ["updated_at", "2019-07-15 12:00:00.166678"]]
  ↳ db/seeds.rb:24
  [1m[35m (12.5ms)[0m  [1m[35mCOMMIT[0m
  ↳ db/seeds.rb:24
  [1m[35m (0.5ms)[0m  [1m[35mBEGIN[0m
  ↳ db/seeds.rb:24
  [1m[36mPortfolio Create (1.2ms)[0m  [1m[32mINSERT INTO "portfolios" ("title", "subtitle", "body", "main_image", "thumb_image", "created_at", "updated_at") VALUES ($1, $2, $3, $4, $5, $6, $7) RETURNING "id"[0m  [["title", "Portfolio title: 8"], ["subtitle", "My greate service"], ["body", "There are many variations of passages of Lorem Ipsum available,\n    but the majority have suffered alteration in some form, by injected\n    humour, or randomised words which don't look even slightly believable.\n    If you are going to use a passage of Lorem Ipsum, you need to be sure\n    there isn't anything embarrassing hidden in the middle of text.\n    All the Lorem Ipsum generators on the Internet tend to repeat\n    predefined chunks as necessary, making this the first true generator\n    on the Internet. It uses a dictionary of over 200 Latin words,\n    combined with a handful of model sentence structures,\n    to generate Lorem Ipsum which looks reasonable. The generated Lorem\n    Ipsum is therefore always free from repetition, injected humour,\n    or non-characteristic words etc."], ["main_image", "http://placehold.it/700*500"], ["thumb_image", "http://placehold.it/350*200"], ["created_at", "2019-07-15 12:00:00.184212"], ["updated_at", "2019-07-15 12:00:00.184212"]]
  ↳ db/seeds.rb:24
  [1m[35m (11.1ms)[0m  [1m[35mCOMMIT[0m
  ↳ db/seeds.rb:24
  [1m[35m (0.5ms)[0m  [1m[34mSELECT COUNT(*) FROM "skills"[0m
  [1m[36mSkill Load (1.1ms)[0m  [1m[34mSELECT  "skills".* FROM "skills" LIMIT $1[0m  [["LIMIT", 11]]
Started GET "/pages/home" for ::1 at 2019-07-15 17:32:17 +0530
  [1m[35m (0.5ms)[0m  [1m[34mSELECT "schema_migrations"."version" FROM "schema_migrations" ORDER BY "schema_migrations"."version" ASC[0m
  ↳ /home/mahesh/.rvm/gems/ruby-2.6.3/gems/activerecord-5.2.3/lib/active_record/log_subscriber.rb:98
Processing by PagesController#home as HTML
  Rendering pages/home.html.erb within layouts/application
  [1m[36mBlog Load (0.4ms)[0m  [1m[34mSELECT  "blogs".* FROM "blogs" LIMIT $1[0m  [["LIMIT", 11]]
  ↳ app/views/pages/home.html.erb:4
  [1m[36mSkill Load (0.5ms)[0m  [1m[34mSELECT  "skills".* FROM "skills" LIMIT $1[0m  [["LIMIT", 11]]
  ↳ app/views/pages/home.html.erb:6
  Rendered pages/home.html.erb within layouts/application (21.4ms)
Completed 200 OK in 549ms (Views: 531.6ms | ActiveRecord: 7.6ms)


